<?xml version="1.0" encoding="UTF-8"?>
<!-- Generated by org.testng.reporters.JUnitXMLReporter -->
<testsuite hostname="DESKTOP-RIONQTI" ignored="0" name="Default test" tests="3" failures="0" timestamp="2021-04-04T15:55:40 CAT" time="234.019" errors="0">
  <testcase name="viewBagKidsTest" time="41.943" classname="ReactJsSanityTest.TC18_ContinueShoppingTest"/>
  <testcase name="clearKidsItemsFromBag" time="23.699" classname="ReactJsSanityTest.TC18_ContinueShoppingTest"/>
  <testcase name="continueShpping" time="11.204" classname="ReactJsSanityTest.TC18_ContinueShoppingTest"/>
</testsuite> <!-- Default test -->
