<?xml version="1.0" encoding="UTF-8"?>
<!-- Generated by org.testng.reporters.JUnitXMLReporter -->
<testsuite hostname="DESKTOP-RIONQTI" ignored="0" name="Test" tests="43" failures="1" timestamp="2021-04-19T08:23:51 CAT" time="4134.845" errors="0">
  <testcase name="@BeforeMethod beforeMethod" time="33.033" classname="com.basePackage.BaseClass">
    <failure type="org.openqa.selenium.WebDriverException" message="chrome not reachable
  (Session info: chrome=89.0.4389.128)
Build info: version: &amp;apos;4.0.0-alpha-6&amp;apos;, revision: &amp;apos;5f43a29cfc&amp;apos;
System info: host: &amp;apos;DESKTOP-RIONQTI&amp;apos;, ip: &amp;apos;192.168.1.100&amp;apos;, os.name: &amp;apos;Windows 10&amp;apos;, os.arch: &amp;apos;amd64&amp;apos;, os.version: &amp;apos;10.0&amp;apos;, java.version: &amp;apos;1.8.0_241&amp;apos;
Driver info: org.openqa.selenium.chrome.ChromeDriver
Capabilities {acceptInsecureCerts: false, browserName: chrome, browserVersion: 89.0.4389.128, chrome: {chromedriverVersion: 89.0.4389.23 (61b08ee2c5002..., userDataDir: C:\Users\jaffa\AppData\Loca...}, goog:chromeOptions: {debuggerAddress: localhost:53324}, javascriptEnabled: true, networkConnectionEnabled: false, pageLoadStrategy: normal, platform: WINDOWS, platformName: WINDOWS, proxy: Proxy(), setWindowRect: true, strictFileInteractability: false, timeouts: {implicit: 0, pageLoad: 300000, script: 30000}, unhandledPromptBehavior: dismiss and notify, webauthn:extension:largeBlob: true, webauthn:virtualAuthenticators: true}
Session ID: 4d86bffd3416a94dff7a2a6378b7906b">
      <![CDATA[org.openqa.selenium.WebDriverException: chrome not reachable
  (Session info: chrome=89.0.4389.128)
Build info: version: '4.0.0-alpha-6', revision: '5f43a29cfc'
System info: host: 'DESKTOP-RIONQTI', ip: '192.168.1.100', os.name: 'Windows 10', os.arch: 'amd64', os.version: '10.0', java.version: '1.8.0_241'
Driver info: org.openqa.selenium.chrome.ChromeDriver
Capabilities {acceptInsecureCerts: false, browserName: chrome, browserVersion: 89.0.4389.128, chrome: {chromedriverVersion: 89.0.4389.23 (61b08ee2c5002..., userDataDir: C:\Users\jaffa\AppData\Loca...}, goog:chromeOptions: {debuggerAddress: localhost:53324}, javascriptEnabled: true, networkConnectionEnabled: false, pageLoadStrategy: normal, platform: WINDOWS, platformName: WINDOWS, proxy: Proxy(), setWindowRect: true, strictFileInteractability: false, timeouts: {implicit: 0, pageLoad: 300000, script: 30000}, unhandledPromptBehavior: dismiss and notify, webauthn:extension:largeBlob: true, webauthn:virtualAuthenticators: true}
Session ID: 4d86bffd3416a94dff7a2a6378b7906b
at org.openqa.selenium.remote.codec.w3c.W3CHttpResponseCodec.createException(W3CHttpResponseCodec.java:196)
at org.openqa.selenium.remote.codec.w3c.W3CHttpResponseCodec.decode(W3CHttpResponseCodec.java:129)
at org.openqa.selenium.remote.codec.w3c.W3CHttpResponseCodec.decode(W3CHttpResponseCodec.java:53)
at org.openqa.selenium.remote.HttpCommandExecutor.execute(HttpCommandExecutor.java:160)
at org.openqa.selenium.remote.service.DriverCommandExecutor.execute(DriverCommandExecutor.java:83)
at org.openqa.selenium.remote.RemoteWebDriver.execute(RemoteWebDriver.java:582)
at org.openqa.selenium.remote.RemoteWebDriver.execute(RemoteWebDriver.java:639)
at org.openqa.selenium.remote.RemoteWebDriver.execute(RemoteWebDriver.java:643)
at org.openqa.selenium.remote.RemoteWebDriver$RemoteWebDriverOptions.deleteAllCookies(RemoteWebDriver.java:748)
at com.basePackage.BaseClass.beforeMethod(BaseClass.java:80)
at java.util.ArrayList.forEach(Unknown Source)
... Removed 34 stack frames]]>
    </failure>
  </testcase> <!-- @BeforeMethod beforeMethod -->
  <testcase name="@AfterMethod cleanup" time="-1.618813353004E9" classname="com.basePackage.BaseClass">
    <skipped/>
  </testcase> <!-- @AfterMethod cleanup -->
  <testcase name="@BeforeMethod beforeMethod" time="14.71" classname="com.basePackage.BaseClass">
    <failure type="org.openqa.selenium.NoSuchWindowException" message="no such window: target window already closed
from unknown error: web view not found
  (Session info: chrome=89.0.4389.128)
Build info: version: &amp;apos;4.0.0-alpha-6&amp;apos;, revision: &amp;apos;5f43a29cfc&amp;apos;
System info: host: &amp;apos;DESKTOP-RIONQTI&amp;apos;, ip: &amp;apos;192.168.1.100&amp;apos;, os.name: &amp;apos;Windows 10&amp;apos;, os.arch: &amp;apos;amd64&amp;apos;, os.version: &amp;apos;10.0&amp;apos;, java.version: &amp;apos;1.8.0_241&amp;apos;
Driver info: org.openqa.selenium.chrome.ChromeDriver
Capabilities {acceptInsecureCerts: false, browserName: chrome, browserVersion: 89.0.4389.128, chrome: {chromedriverVersion: 89.0.4389.23 (61b08ee2c5002..., userDataDir: C:\Users\jaffa\AppData\Loca...}, goog:chromeOptions: {debuggerAddress: localhost:53397}, javascriptEnabled: true, networkConnectionEnabled: false, pageLoadStrategy: normal, platform: WINDOWS, platformName: WINDOWS, proxy: Proxy(), setWindowRect: true, strictFileInteractability: false, timeouts: {implicit: 0, pageLoad: 300000, script: 30000}, unhandledPromptBehavior: dismiss and notify, webauthn:extension:largeBlob: true, webauthn:virtualAuthenticators: true}
Session ID: c425c26c8a11b9ef29df0ab209660d58">
      <![CDATA[org.openqa.selenium.NoSuchWindowException: no such window: target window already closed
from unknown error: web view not found
  (Session info: chrome=89.0.4389.128)
Build info: version: '4.0.0-alpha-6', revision: '5f43a29cfc'
System info: host: 'DESKTOP-RIONQTI', ip: '192.168.1.100', os.name: 'Windows 10', os.arch: 'amd64', os.version: '10.0', java.version: '1.8.0_241'
Driver info: org.openqa.selenium.chrome.ChromeDriver
Capabilities {acceptInsecureCerts: false, browserName: chrome, browserVersion: 89.0.4389.128, chrome: {chromedriverVersion: 89.0.4389.23 (61b08ee2c5002..., userDataDir: C:\Users\jaffa\AppData\Loca...}, goog:chromeOptions: {debuggerAddress: localhost:53397}, javascriptEnabled: true, networkConnectionEnabled: false, pageLoadStrategy: normal, platform: WINDOWS, platformName: WINDOWS, proxy: Proxy(), setWindowRect: true, strictFileInteractability: false, timeouts: {implicit: 0, pageLoad: 300000, script: 30000}, unhandledPromptBehavior: dismiss and notify, webauthn:extension:largeBlob: true, webauthn:virtualAuthenticators: true}
Session ID: c425c26c8a11b9ef29df0ab209660d58
at org.openqa.selenium.remote.codec.w3c.W3CHttpResponseCodec.createException(W3CHttpResponseCodec.java:196)
at org.openqa.selenium.remote.codec.w3c.W3CHttpResponseCodec.decode(W3CHttpResponseCodec.java:129)
at org.openqa.selenium.remote.codec.w3c.W3CHttpResponseCodec.decode(W3CHttpResponseCodec.java:53)
at org.openqa.selenium.remote.HttpCommandExecutor.execute(HttpCommandExecutor.java:160)
at org.openqa.selenium.remote.service.DriverCommandExecutor.execute(DriverCommandExecutor.java:83)
at org.openqa.selenium.remote.RemoteWebDriver.execute(RemoteWebDriver.java:582)
at org.openqa.selenium.remote.RemoteWebDriver.execute(RemoteWebDriver.java:639)
at org.openqa.selenium.remote.RemoteWebDriver.execute(RemoteWebDriver.java:643)
at org.openqa.selenium.remote.RemoteWebDriver$RemoteWebDriverOptions.deleteAllCookies(RemoteWebDriver.java:748)
at com.basePackage.BaseClass.beforeMethod(BaseClass.java:80)
at java.util.ArrayList.forEach(Unknown Source)
... Removed 34 stack frames]]>
    </failure>
  </testcase> <!-- @BeforeMethod beforeMethod -->
  <testcase name="@AfterMethod cleanup" time="-1.618813367747E9" classname="com.basePackage.BaseClass">
    <skipped/>
  </testcase> <!-- @AfterMethod cleanup -->
  <testcase name="@BeforeMethod beforeMethod" time="-1.618813367752E9" classname="com.basePackage.BaseClass">
    <skipped/>
  </testcase> <!-- @BeforeMethod beforeMethod -->
  <testcase name="@AfterMethod cleanup" time="-1.618813367764E9" classname="com.basePackage.BaseClass">
    <skipped/>
  </testcase> <!-- @AfterMethod cleanup -->
  <testcase name="@BeforeMethod beforeMethod" time="25.868" classname="com.basePackage.BaseClass">
    <failure type="org.openqa.selenium.WebDriverException" message="chrome not reachable
  (Session info: chrome=89.0.4389.128)
Build info: version: &amp;apos;4.0.0-alpha-6&amp;apos;, revision: &amp;apos;5f43a29cfc&amp;apos;
System info: host: &amp;apos;DESKTOP-RIONQTI&amp;apos;, ip: &amp;apos;192.168.1.100&amp;apos;, os.name: &amp;apos;Windows 10&amp;apos;, os.arch: &amp;apos;amd64&amp;apos;, os.version: &amp;apos;10.0&amp;apos;, java.version: &amp;apos;1.8.0_241&amp;apos;
Driver info: org.openqa.selenium.chrome.ChromeDriver
Capabilities {acceptInsecureCerts: false, browserName: chrome, browserVersion: 89.0.4389.128, chrome: {chromedriverVersion: 89.0.4389.23 (61b08ee2c5002..., userDataDir: C:\Users\jaffa\AppData\Loca...}, goog:chromeOptions: {debuggerAddress: localhost:53422}, javascriptEnabled: true, networkConnectionEnabled: false, pageLoadStrategy: normal, platform: WINDOWS, platformName: WINDOWS, proxy: Proxy(), setWindowRect: true, strictFileInteractability: false, timeouts: {implicit: 0, pageLoad: 300000, script: 30000}, unhandledPromptBehavior: dismiss and notify, webauthn:extension:largeBlob: true, webauthn:virtualAuthenticators: true}
Session ID: f71a8ecb176b7a2801d5cf01c55886e0">
      <![CDATA[org.openqa.selenium.WebDriverException: chrome not reachable
  (Session info: chrome=89.0.4389.128)
Build info: version: '4.0.0-alpha-6', revision: '5f43a29cfc'
System info: host: 'DESKTOP-RIONQTI', ip: '192.168.1.100', os.name: 'Windows 10', os.arch: 'amd64', os.version: '10.0', java.version: '1.8.0_241'
Driver info: org.openqa.selenium.chrome.ChromeDriver
Capabilities {acceptInsecureCerts: false, browserName: chrome, browserVersion: 89.0.4389.128, chrome: {chromedriverVersion: 89.0.4389.23 (61b08ee2c5002..., userDataDir: C:\Users\jaffa\AppData\Loca...}, goog:chromeOptions: {debuggerAddress: localhost:53422}, javascriptEnabled: true, networkConnectionEnabled: false, pageLoadStrategy: normal, platform: WINDOWS, platformName: WINDOWS, proxy: Proxy(), setWindowRect: true, strictFileInteractability: false, timeouts: {implicit: 0, pageLoad: 300000, script: 30000}, unhandledPromptBehavior: dismiss and notify, webauthn:extension:largeBlob: true, webauthn:virtualAuthenticators: true}
Session ID: f71a8ecb176b7a2801d5cf01c55886e0
at org.openqa.selenium.remote.codec.w3c.W3CHttpResponseCodec.createException(W3CHttpResponseCodec.java:196)
at org.openqa.selenium.remote.codec.w3c.W3CHttpResponseCodec.decode(W3CHttpResponseCodec.java:129)
at org.openqa.selenium.remote.codec.w3c.W3CHttpResponseCodec.decode(W3CHttpResponseCodec.java:53)
at org.openqa.selenium.remote.HttpCommandExecutor.execute(HttpCommandExecutor.java:160)
at org.openqa.selenium.remote.service.DriverCommandExecutor.execute(DriverCommandExecutor.java:83)
at org.openqa.selenium.remote.RemoteWebDriver.execute(RemoteWebDriver.java:582)
at org.openqa.selenium.remote.RemoteWebDriver.execute(RemoteWebDriver.java:639)
at org.openqa.selenium.remote.RemoteWebDriver.execute(RemoteWebDriver.java:643)
at org.openqa.selenium.remote.RemoteWebDriver$RemoteWebDriverOptions.deleteAllCookies(RemoteWebDriver.java:748)
at com.basePackage.BaseClass.beforeMethod(BaseClass.java:80)
at java.util.ArrayList.forEach(Unknown Source)
... Removed 34 stack frames]]>
    </failure>
  </testcase> <!-- @BeforeMethod beforeMethod -->
  <testcase name="@AfterMethod cleanup" time="-1.618813393647E9" classname="com.basePackage.BaseClass">
    <skipped/>
  </testcase> <!-- @AfterMethod cleanup -->
  <testcase name="@BeforeMethod beforeMethod" time="23.371" classname="com.basePackage.BaseClass">
    <failure type="org.openqa.selenium.NoSuchWindowException" message="no such window: target window already closed
from unknown error: web view not found
  (Session info: chrome=89.0.4389.128)
Build info: version: &amp;apos;4.0.0-alpha-6&amp;apos;, revision: &amp;apos;5f43a29cfc&amp;apos;
System info: host: &amp;apos;DESKTOP-RIONQTI&amp;apos;, ip: &amp;apos;192.168.1.100&amp;apos;, os.name: &amp;apos;Windows 10&amp;apos;, os.arch: &amp;apos;amd64&amp;apos;, os.version: &amp;apos;10.0&amp;apos;, java.version: &amp;apos;1.8.0_241&amp;apos;
Driver info: org.openqa.selenium.chrome.ChromeDriver
Capabilities {acceptInsecureCerts: false, browserName: chrome, browserVersion: 89.0.4389.128, chrome: {chromedriverVersion: 89.0.4389.23 (61b08ee2c5002..., userDataDir: C:\Users\jaffa\AppData\Loca...}, goog:chromeOptions: {debuggerAddress: localhost:53461}, javascriptEnabled: true, networkConnectionEnabled: false, pageLoadStrategy: normal, platform: WINDOWS, platformName: WINDOWS, proxy: Proxy(), setWindowRect: true, strictFileInteractability: false, timeouts: {implicit: 0, pageLoad: 300000, script: 30000}, unhandledPromptBehavior: dismiss and notify, webauthn:extension:largeBlob: true, webauthn:virtualAuthenticators: true}
Session ID: 741ef23aa30ffb48a3c3c38075de7e37">
      <![CDATA[org.openqa.selenium.NoSuchWindowException: no such window: target window already closed
from unknown error: web view not found
  (Session info: chrome=89.0.4389.128)
Build info: version: '4.0.0-alpha-6', revision: '5f43a29cfc'
System info: host: 'DESKTOP-RIONQTI', ip: '192.168.1.100', os.name: 'Windows 10', os.arch: 'amd64', os.version: '10.0', java.version: '1.8.0_241'
Driver info: org.openqa.selenium.chrome.ChromeDriver
Capabilities {acceptInsecureCerts: false, browserName: chrome, browserVersion: 89.0.4389.128, chrome: {chromedriverVersion: 89.0.4389.23 (61b08ee2c5002..., userDataDir: C:\Users\jaffa\AppData\Loca...}, goog:chromeOptions: {debuggerAddress: localhost:53461}, javascriptEnabled: true, networkConnectionEnabled: false, pageLoadStrategy: normal, platform: WINDOWS, platformName: WINDOWS, proxy: Proxy(), setWindowRect: true, strictFileInteractability: false, timeouts: {implicit: 0, pageLoad: 300000, script: 30000}, unhandledPromptBehavior: dismiss and notify, webauthn:extension:largeBlob: true, webauthn:virtualAuthenticators: true}
Session ID: 741ef23aa30ffb48a3c3c38075de7e37
at org.openqa.selenium.remote.codec.w3c.W3CHttpResponseCodec.createException(W3CHttpResponseCodec.java:196)
at org.openqa.selenium.remote.codec.w3c.W3CHttpResponseCodec.decode(W3CHttpResponseCodec.java:129)
at org.openqa.selenium.remote.codec.w3c.W3CHttpResponseCodec.decode(W3CHttpResponseCodec.java:53)
at org.openqa.selenium.remote.HttpCommandExecutor.execute(HttpCommandExecutor.java:160)
at org.openqa.selenium.remote.service.DriverCommandExecutor.execute(DriverCommandExecutor.java:83)
at org.openqa.selenium.remote.RemoteWebDriver.execute(RemoteWebDriver.java:582)
at org.openqa.selenium.remote.RemoteWebDriver.execute(RemoteWebDriver.java:639)
at org.openqa.selenium.remote.RemoteWebDriver.execute(RemoteWebDriver.java:643)
at org.openqa.selenium.remote.RemoteWebDriver$RemoteWebDriverOptions.deleteAllCookies(RemoteWebDriver.java:748)
at com.basePackage.BaseClass.beforeMethod(BaseClass.java:80)
at java.util.ArrayList.forEach(Unknown Source)
... Removed 34 stack frames]]>
    </failure>
  </testcase> <!-- @BeforeMethod beforeMethod -->
  <testcase name="@AfterMethod cleanup" time="-1.618813417056E9" classname="com.basePackage.BaseClass">
    <skipped/>
  </testcase> <!-- @AfterMethod cleanup -->
  <testcase name="@BeforeMethod beforeMethod" time="14.25" classname="com.basePackage.BaseClass">
    <failure type="org.openqa.selenium.NoSuchWindowException" message="no such window: target window already closed
from unknown error: web view not found
  (Session info: chrome=89.0.4389.128)
Build info: version: &amp;apos;4.0.0-alpha-6&amp;apos;, revision: &amp;apos;5f43a29cfc&amp;apos;
System info: host: &amp;apos;DESKTOP-RIONQTI&amp;apos;, ip: &amp;apos;192.168.1.100&amp;apos;, os.name: &amp;apos;Windows 10&amp;apos;, os.arch: &amp;apos;amd64&amp;apos;, os.version: &amp;apos;10.0&amp;apos;, java.version: &amp;apos;1.8.0_241&amp;apos;
Driver info: org.openqa.selenium.chrome.ChromeDriver
Capabilities {acceptInsecureCerts: false, browserName: chrome, browserVersion: 89.0.4389.128, chrome: {chromedriverVersion: 89.0.4389.23 (61b08ee2c5002..., userDataDir: C:\Users\jaffa\AppData\Loca...}, goog:chromeOptions: {debuggerAddress: localhost:53512}, javascriptEnabled: true, networkConnectionEnabled: false, pageLoadStrategy: normal, platform: WINDOWS, platformName: WINDOWS, proxy: Proxy(), setWindowRect: true, strictFileInteractability: false, timeouts: {implicit: 0, pageLoad: 300000, script: 30000}, unhandledPromptBehavior: dismiss and notify, webauthn:extension:largeBlob: true, webauthn:virtualAuthenticators: true}
Session ID: 77bbe6e0bc50ececdb51db53170c1dd4">
      <![CDATA[org.openqa.selenium.NoSuchWindowException: no such window: target window already closed
from unknown error: web view not found
  (Session info: chrome=89.0.4389.128)
Build info: version: '4.0.0-alpha-6', revision: '5f43a29cfc'
System info: host: 'DESKTOP-RIONQTI', ip: '192.168.1.100', os.name: 'Windows 10', os.arch: 'amd64', os.version: '10.0', java.version: '1.8.0_241'
Driver info: org.openqa.selenium.chrome.ChromeDriver
Capabilities {acceptInsecureCerts: false, browserName: chrome, browserVersion: 89.0.4389.128, chrome: {chromedriverVersion: 89.0.4389.23 (61b08ee2c5002..., userDataDir: C:\Users\jaffa\AppData\Loca...}, goog:chromeOptions: {debuggerAddress: localhost:53512}, javascriptEnabled: true, networkConnectionEnabled: false, pageLoadStrategy: normal, platform: WINDOWS, platformName: WINDOWS, proxy: Proxy(), setWindowRect: true, strictFileInteractability: false, timeouts: {implicit: 0, pageLoad: 300000, script: 30000}, unhandledPromptBehavior: dismiss and notify, webauthn:extension:largeBlob: true, webauthn:virtualAuthenticators: true}
Session ID: 77bbe6e0bc50ececdb51db53170c1dd4
at org.openqa.selenium.remote.codec.w3c.W3CHttpResponseCodec.createException(W3CHttpResponseCodec.java:196)
at org.openqa.selenium.remote.codec.w3c.W3CHttpResponseCodec.decode(W3CHttpResponseCodec.java:129)
at org.openqa.selenium.remote.codec.w3c.W3CHttpResponseCodec.decode(W3CHttpResponseCodec.java:53)
at org.openqa.selenium.remote.HttpCommandExecutor.execute(HttpCommandExecutor.java:160)
at org.openqa.selenium.remote.service.DriverCommandExecutor.execute(DriverCommandExecutor.java:83)
at org.openqa.selenium.remote.RemoteWebDriver.execute(RemoteWebDriver.java:582)
at org.openqa.selenium.remote.RemoteWebDriver.execute(RemoteWebDriver.java:639)
at org.openqa.selenium.remote.RemoteWebDriver.execute(RemoteWebDriver.java:643)
at org.openqa.selenium.remote.RemoteWebDriver$RemoteWebDriverOptions.deleteAllCookies(RemoteWebDriver.java:748)
at com.basePackage.BaseClass.beforeMethod(BaseClass.java:80)
at java.util.ArrayList.forEach(Unknown Source)
... Removed 34 stack frames]]>
    </failure>
  </testcase> <!-- @BeforeMethod beforeMethod -->
  <testcase name="@AfterMethod cleanup" time="-1.618813431321E9" classname="com.basePackage.BaseClass">
    <skipped/>
  </testcase> <!-- @AfterMethod cleanup -->
  <testcase name="verifyLogin" time="15.059" classname="ReactJsSanityTest.TC02_LoginTest"/>
  <testcase name="searchUat" time="30.358" classname="ReactJsSanityTest.TC08_SearchTest"/>
  <testcase name="viewBagKidsTest" time="41.917" classname="ReactJsSanityTest.TC18_ContinueShoppingTest"/>
  <testcase name="clearKidsItemsFromBag" time="23.561" classname="ReactJsSanityTest.TC18_ContinueShoppingTest"/>
  <testcase name="continueShopping" time="16.24" classname="ReactJsSanityTest.TC18_ContinueShoppingTest"/>
  <testcase name="productInDeliveryformationTest" time="53.291" classname="ReactJsSanityTest.TC27_ProductDeliveryInformationTest"/>
  <testcase name="paymentOptionsTest" time="53.215" classname="ReactJsSanityTest.TC27_ProductDeliveryInformationTest"/>
  <testcase name="returnsInformationTest" time="53.199" classname="ReactJsSanityTest.TC27_ProductDeliveryInformationTest"/>
  <testcase name="storeLocatorTest" time="30.509" classname="ReactJsSanityTest.TC19_StoreLocatorTest"/>
  <testcase name="viewBagTest" time="66.656" classname="ReactJsSanityTest.TC01_ViewBagTest"/>
  <testcase name="clearItemsFromBag" time="22.49" classname="ReactJsSanityTest.TC01_ViewBagTest"/>
  <testcase name="verifySizeChatClothingTest" time="42.171" classname="ReactJsSanityTest.TC24_SizeChatClothingTest"/>
  <testcase name="wishListTest" time="81.801" classname="ReactJsSanityTest.TC16_AddItemToWishListTest"/>
  <testcase name="guestCheckOutE2ETest" time="218.515" classname="ReactJsSanityTest.TC22_GuestCheck_E2ETest"/>
  <testcase name="registerNewOnline" time="30.63" classname="ReactJsSanityTest.TC05_RegisterNewOnlineProfileTest"/>
  <testcase name="addSameItemToCartTwiceTest" time="55.866" classname="ReactJsSanityTest.TC29_AddSameItemToCartTwiceTest"/>
  <testcase name="addSameItemToCartAgain" time="60.636" classname="ReactJsSanityTest.TC29_AddSameItemToCartTwiceTest"/>
  <testcase name="verifySameItemAddedTwiceInCart" time="27.535" classname="ReactJsSanityTest.TC29_AddSameItemToCartTwiceTest"/>
  <testcase name="installmentCalcTest" time="65.851" classname="ReactJsSanityTest.TC17_InstallmentCalcTest"/>
  <testcase name="verifyWishListTest" time="52.25" classname="ReactJsSanityTest.TC28_MyAccountVerifyWishListTest"/>
  <testcase name="removeItemFromWishListTest" time="35.507" classname="ReactJsSanityTest.TC28_MyAccountVerifyWishListTest"/>
  <testcase name="updateQtyTest" time="89.513" classname="ReactJsSanityTest.TC11_UpdateQtyTest"/>
  <testcase name="verifyQty" time="27.54" classname="ReactJsSanityTest.TC11_UpdateQtyTest"/>
  <testcase name="brandFilterTest" time="45.296" classname="ReactJsSanityTest.TC14_BrandFilterTest"/>
  <testcase name="continueWithoutLoggingInTest" time="60.138" classname="ReactJsSanityTest.TC21_GuestCheck_ContinueWithoutLoggingInTest"/>
  <testcase name="sitewidePop" time="56.777" classname="ReactJsSanityTest.TC09_SitewideBagReminderTest"/>
  <testcase name="sitewideClean" time="22.553" classname="ReactJsSanityTest.TC09_SitewideBagReminderTest"/>
  <testcase name="orderCancelTest" time="36.622" classname="ReactJsSanityTest.TC20_CancelOrderTest"/>
  <testcase name="verifyItemInBag" time="43.097" classname="ReactJsSanityTest.TC12_RemoveItemsFromBagTest"/>
  <testcase name="removeItemsFromBag" time="28.025" classname="ReactJsSanityTest.TC12_RemoveItemsFromBagTest"/>
  <testcase name="productInformationTest" time="64.554" classname="ReactJsSanityTest.TC26_VerifyProductInformationTest"/>
  <testcase name="verifySizeChatShoesTest" time="62.524" classname="ReactJsSanityTest.TC23_SizeChatShoesTest"/>
  <testcase name="searchFurniture" time="21.503" classname="ReactJsSanityTest.TC10_FurnitureAddItemToBagTest"/>
  <testcase name="addItemToBag" time="64.508" classname="ReactJsSanityTest.TC10_FurnitureAddItemToBagTest"/>
  <testcase name="verifyItemsInBag" time="65.976" classname="ReactJsSanityTest.TC15_VerifyItemsInBagTest"/>
  <testcase name="todaysDeal" time="109.286" classname="ReactJsSanityTest.TC06_TodaysDealTest"/>
  <testcase name="addItemToCartTest" time="40.785" classname="ReactJsSanityTest.TC25_AddItemToCartGiftFlowersTest">
    <failure type="org.openqa.selenium.NoSuchElementException" message="no such element: Unable to locate element: {&amp;quot;method&amp;quot;:&amp;quot;xpath&amp;quot;,&amp;quot;selector&amp;quot;:&amp;quot;//a[normalize-space()=&amp;apos;Red Velvet&amp;apos;]&amp;quot;}
  (Session info: chrome=89.0.4389.128)
For documentation on this error, please visit: https://selenium.dev/exceptions/#no_such_element
Build info: version: &amp;apos;4.0.0-alpha-6&amp;apos;, revision: &amp;apos;5f43a29cfc&amp;apos;
System info: host: &amp;apos;DESKTOP-RIONQTI&amp;apos;, ip: &amp;apos;192.168.1.100&amp;apos;, os.name: &amp;apos;Windows 10&amp;apos;, os.arch: &amp;apos;amd64&amp;apos;, os.version: &amp;apos;10.0&amp;apos;, java.version: &amp;apos;1.8.0_241&amp;apos;
Driver info: org.openqa.selenium.chrome.ChromeDriver
Capabilities {acceptInsecureCerts: false, browserName: chrome, browserVersion: 89.0.4389.128, chrome: {chromedriverVersion: 89.0.4389.23 (61b08ee2c5002..., userDataDir: C:\Users\jaffa\AppData\Loca...}, goog:chromeOptions: {debuggerAddress: localhost:54434}, javascriptEnabled: true, networkConnectionEnabled: false, pageLoadStrategy: normal, platform: WINDOWS, platformName: WINDOWS, proxy: Proxy(), setWindowRect: true, strictFileInteractability: false, timeouts: {implicit: 0, pageLoad: 300000, script: 30000}, unhandledPromptBehavior: dismiss and notify, webauthn:extension:largeBlob: true, webauthn:virtualAuthenticators: true}
Session ID: a135032142c16bd0dfbb856e76fe4ba4
*** Element info: {Using=xpath, value=//a[normalize-space()=&amp;apos;Red Velvet&amp;apos;]}">
      <![CDATA[org.openqa.selenium.NoSuchElementException: no such element: Unable to locate element: {"method":"xpath","selector":"//a[normalize-space()='Red Velvet']"}
  (Session info: chrome=89.0.4389.128)
For documentation on this error, please visit: https://selenium.dev/exceptions/#no_such_element
Build info: version: '4.0.0-alpha-6', revision: '5f43a29cfc'
System info: host: 'DESKTOP-RIONQTI', ip: '192.168.1.100', os.name: 'Windows 10', os.arch: 'amd64', os.version: '10.0', java.version: '1.8.0_241'
Driver info: org.openqa.selenium.chrome.ChromeDriver
Capabilities {acceptInsecureCerts: false, browserName: chrome, browserVersion: 89.0.4389.128, chrome: {chromedriverVersion: 89.0.4389.23 (61b08ee2c5002..., userDataDir: C:\Users\jaffa\AppData\Loca...}, goog:chromeOptions: {debuggerAddress: localhost:54434}, javascriptEnabled: true, networkConnectionEnabled: false, pageLoadStrategy: normal, platform: WINDOWS, platformName: WINDOWS, proxy: Proxy(), setWindowRect: true, strictFileInteractability: false, timeouts: {implicit: 0, pageLoad: 300000, script: 30000}, unhandledPromptBehavior: dismiss and notify, webauthn:extension:largeBlob: true, webauthn:virtualAuthenticators: true}
Session ID: a135032142c16bd0dfbb856e76fe4ba4
*** Element info: {Using=xpath, value=//a[normalize-space()='Red Velvet']}
at org.openqa.selenium.remote.codec.w3c.W3CHttpResponseCodec.createException(W3CHttpResponseCodec.java:196)
at org.openqa.selenium.remote.codec.w3c.W3CHttpResponseCodec.decode(W3CHttpResponseCodec.java:129)
at org.openqa.selenium.remote.codec.w3c.W3CHttpResponseCodec.decode(W3CHttpResponseCodec.java:53)
at org.openqa.selenium.remote.HttpCommandExecutor.execute(HttpCommandExecutor.java:160)
at org.openqa.selenium.remote.service.DriverCommandExecutor.execute(DriverCommandExecutor.java:83)
at org.openqa.selenium.remote.RemoteWebDriver.execute(RemoteWebDriver.java:582)
at org.openqa.selenium.remote.RemoteWebDriver.findElement(RemoteWebDriver.java:333)
at org.openqa.selenium.remote.RemoteWebDriver.findElementByXPath(RemoteWebDriver.java:451)
at org.openqa.selenium.By$ByXPath.findElement(By.java:394)
at org.openqa.selenium.remote.RemoteWebDriver.findElement(RemoteWebDriver.java:325)
at ReactJsSanityTest.TC25_AddItemToCartGiftFlowersTest.addItemToCartTest(TC25_AddItemToCartGiftFlowersTest.java:98)
at java.util.ArrayList.forEach(Unknown Source)
... Removed 31 stack frames]]>
    </failure>
  </testcase> <!-- addItemToCartTest -->
  <testcase name="verifyItemInCart" time="0.0" classname="ReactJsSanityTest.TC25_AddItemToCartGiftFlowersTest">
    <skipped/>
  </testcase> <!-- verifyItemInCart -->
  <testcase name="verifyImages" time="0.0" classname="ReactJsSanityTest.TC03_LogOutTest">
    <skipped/>
  </testcase> <!-- verifyImages -->
  <testcase name="logOutUat" time="0.0" classname="ReactJsSanityTest.TC03_LogOutTest">
    <skipped/>
  </testcase> <!-- logOutUat -->
  <testcase name="ourOffers" time="0.0" classname="ReactJsSanityTest.TC04_OurBestOffersForYouShowMeAllTest">
    <skipped/>
  </testcase> <!-- ourOffers -->
  <testcase name="pargoTest" time="0.0" classname="ReactJsSanityTest.TC13_PargoPickupPoint_E2ETest">
    <skipped/>
  </testcase> <!-- pargoTest -->
  <testcase name="checkOutFlow" time="0.0" classname="ReactJsSanityTest.TC07_FurnitureCollectFromStoreTest">
    <skipped/>
  </testcase> <!-- checkOutFlow -->
</testsuite> <!-- Test -->
