<?xml version="1.0" encoding="UTF-8"?>
<!-- Generated by org.testng.reporters.JUnitXMLReporter -->
<testsuite hostname="DESKTOP-RIONQTI" name="Command line test" tests="4" failures="0" timestamp="18 Mar 2021 20:50:10 GMT" time="158.52" errors="0">
  <testcase name="loginUat" time="38.043" classname="ReactJsSanityTest.TC01_LoginTest"/>
  <testcase name="launchReactUat" time="38.555" classname="ReactJsSanityTest.TC02_LogOutTest"/>
  <testcase name="logOutUat" time="31.8" classname="ReactJsSanityTest.TC02_LogOutTest"/>
  <testcase name="loginUat" time="50.039" classname="ReactJsSanityTest.TC03_RegisterNewOnlineProfileTest"/>
</testsuite> <!-- Command line test -->
