<?xml version="1.0" encoding="UTF-8" ?>
<testsuite tests="5" failures="1" name="TestSuite" time="333.817" errors="0" skipped="0">
  <properties>
[...]
</properties>
  <testcase classname="ReactJsSanityTest.TC01_LoginTest" name="loginUat" time="52.492"/>
  <testcase classname="ReactJsSanityTest.TC02_LogOutTest" name="launchReactUat" time="49.501"/>
  <testcase classname="ReactJsSanityTest.TC02_LogOutTest" name="logOutUat" time="31.831"/>
  <testcase classname="ReactJsSanityTest.TC03_RegisterNewOnlineProfileTest" name="loginUat" time="75.933"/>
  <testcase classname="ReactJsSanityTest.TC04_TodaysDealTest" name="loginUat" time="124.06">
    <failure message="Today&apos;s Deal Sort Price High to Low or Low to High not updating Test Failed expected [R 499.00] but found [R 349.00]" type="java.lang.AssertionError">java.lang.AssertionError: Today&apos;s Deal Sort Price High to Low or Low to High not updating Test Failed expected [R 499.00] but found [R 349.00]
	at org.testng.Assert.fail(Assert.java:94)
	at org.testng.Assert.failNotEquals(Assert.java:494)
	at org.testng.Assert.assertEquals(Assert.java:123)
	at org.testng.Assert.assertEquals(Assert.java:176)
	at ReactJsSanityTest.TC04_TodaysDealTest.loginUat(TC04_TodaysDealTest.java:198)
</failure>
    <system-out>=====================&gt; Browser Launched
No. of Images: 37

Loading
TFGdata 5GB SIT
Loading
MTN Made For Me Small SPECIAL SIT
Loading
MTNChoice Flexi R350
Loading
Loading
Loading
Loading
MTNChoice 100
Loading
MTNChoice 10GB Data
Loading
MTNChoice Flexi R110
Loading
MTNChoice 1GB Data - Employee
Loading
MTN 200 SMS bundle
Loading
MTN Data bundle 2GB
Loading
Loading
Loading
Find your nearest Foschini Group retail outlet.
Site secured by Digicert
No. of total displable images: 27
Price High to Low is :R 349.00
</system-out>
    <system-err>Starting ChromeDriver 89.0.4389.23 (61b08ee2c50024bab004e48d2b1b083cdbdac579-refs/branch-heads/4389@{#294}) on port 46621
Only local connections are allowed.
Please see https://chromedriver.chromium.org/security-considerations for suggestions on keeping ChromeDriver safe.
ChromeDriver was started successfully.
[1616311705.706][WARNING]: Public key in crx header is different from key in manifest
key from header:   MIIBIjANBgkqhkiG9w0BAQEFAAOCAQ8AMIIBCgKCAQEA3BUnPvYMb3M8DvdNspkQPZ7oKH5XawDRbK3QCoyZs8QttHaytzYfy9SM4iiTiicG/k3hFpmIKO1W2we7aKXrODn70O/sKfAtSvlyfgn0mMnduQUMY9s204q+A03pXQM0Rn6RoFyAhJNyX4bT52/u2vbtSAOgjQIQRHsE33ZNxoEhqVERf+8bZwtPjVKeYluIg3uqtb7ZkjSgjqgE0bFFKe0zm99IrFbugqK6xfa2cTbb8wUhYiHWoIy0yqFF23rF0Yf9d0DvRKGkk3PlRXRQ0yMI79W5sYmYTm/eDlCUTfSBmI/B28oJ2hbQZZmhk7wayWfdqCoIxTdQk6TyaDUROQIDAQAB
key from manifest: MIIBIjANBgkqhkiG9w0BAQEFAAOCAQ8AMIIBCgKCAQEAg8afMlPK3U6+xBGwaLzyn6CEGs/mS/P6K0LqlFIQFAEyk/+v6jTXfEDEQYwQuw8+8ySy473hL6z51cBGZOhioiywZAfevviM8Iv+awXQSe8u/9oXAbvCKeaefJRx6Op9xqkC+8O3nV8BbjA/ckJEzv6kLETOFhBWVv/Hzld5q9w/jyOYa/TqGKqjJA/l0MpYZyT+LB/LH618YsbHDmpBXags4nxXEBuwm4UDEILyVAbNuoNWVxUhRRkgwhrRRv2Y1LT+A20lGgKedGhTPg+WuPxBAIGoZDLKRyfV+hurU1SjKBDISIPbZqWAO2o+ysLniuzP59DMTrN000hG8IE34QIDAQAB
generated extension id from header key:   bghbemkkedjbnfgpehbhhlepdliggmdh
generated extension id from manifest key: enhldmjbphoeibbpdhmjkchohnidgnah
Mar 21, 2021 9:28:26 AM org.openqa.selenium.remote.ProtocolHandshake createSession
INFO: Detected dialect: W3C
</system-err>
  </testcase>
</testsuite>