<?xml version="1.0" encoding="UTF-8"?>
<testng-results skipped="0" failed="0" ignored="0" total="1" passed="1">
  <reporter-output>
  </reporter-output>
  <suite name="Default suite" duration-ms="40551" started-at="2021-04-06T14:31:29 CAT" finished-at="2021-04-06T14:32:09 CAT">
    <groups>
    </groups>
    <test name="Default test" duration-ms="40551" started-at="2021-04-06T14:31:29 CAT" finished-at="2021-04-06T14:32:09 CAT">
      <class name="ReactJsSanityTest.TC02_LoginTest">
        <test-method status="PASS" signature="beforeMethod()[pri:0, instance:ReactJsSanityTest.TC02_LoginTest@57c758ac]" name="beforeMethod" is-config="true" duration-ms="39429" started-at="2021-04-06T14:31:29 CAT" finished-at="2021-04-06T14:32:08 CAT">
          <reporter-output>
          </reporter-output>
        </test-method> <!-- beforeMethod -->
        <test-method status="PASS" signature="verifyLogin()[pri:0, instance:ReactJsSanityTest.TC02_LoginTest@57c758ac]" name="verifyLogin" duration-ms="35" started-at="2021-04-06T14:32:08 CAT" finished-at="2021-04-06T14:32:08 CAT">
          <reporter-output>
          </reporter-output>
        </test-method> <!-- verifyLogin -->
        <test-method status="PASS" signature="cleanup()[pri:0, instance:ReactJsSanityTest.TC02_LoginTest@57c758ac]" name="cleanup" is-config="true" duration-ms="988" started-at="2021-04-06T14:32:08 CAT" finished-at="2021-04-06T14:32:09 CAT">
          <reporter-output>
          </reporter-output>
        </test-method> <!-- cleanup -->
      </class> <!-- ReactJsSanityTest.TC02_LoginTest -->
    </test> <!-- Default test -->
  </suite> <!-- Default suite -->
</testng-results>
