<?xml version="1.0" encoding="UTF-8"?>
<testng-results skipped="0" failed="0" ignored="0" total="1" passed="1">
  <reporter-output>
  </reporter-output>
  <suite name="Default suite" duration-ms="58438" started-at="2021-03-28T20:11:46 CAT" finished-at="2021-03-28T20:12:44 CAT">
    <groups>
    </groups>
    <test name="Default test" duration-ms="58438" started-at="2021-03-28T20:11:46 CAT" finished-at="2021-03-28T20:12:44 CAT">
      <class name="ReactJsSanityTest.TC08_SearchTest">
        <test-method status="PASS" signature="loginUat()[pri:0, instance:ReactJsSanityTest.TC08_SearchTest@76908cc0]" name="loginUat" duration-ms="58320" started-at="2021-03-28T20:11:46 CAT" finished-at="2021-03-28T20:12:44 CAT">
          <reporter-output>
          </reporter-output>
        </test-method> <!-- loginUat -->
      </class> <!-- ReactJsSanityTest.TC08_SearchTest -->
    </test> <!-- Default test -->
  </suite> <!-- Default suite -->
</testng-results>
